<?xml version="1.0" encoding="UTF-8"?>
<!-- Generated by org.testng.reporters.JUnitXMLReporter -->
<testsuite ignored="4" hostname="DESKTOP-5BS10NK" failures="1" tests="6" name="TestCasesSuite" time="16.482" errors="0" timestamp="2024-05-08T20:54:29 IST">
  <testcase classname="com.test.testcases.TC1_clickSearch" name="clickSearchTicket" time="0.637"/>
  <testcase classname="com.test.testcases.TC1_clickSearch" name="division" time="0.002"/>
  <testcase classname="com.test.testcases.TC1_clickSearch" name="addition" time="0.002"/>
  <testcase classname="com.test.testcases.TC1_clickSearch" name="divisionagain" time="0.003">
    <failure type="java.lang.ArithmeticException" message="/ by zero">
      <![CDATA[java.lang.ArithmeticException: / by zero
at com.test.testcases.TC1_clickSearch.divisionagain(TC1_clickSearch.java:52)
at java.base/java.util.ArrayList.forEach(ArrayList.java:1511)
... Removed 27 stack frames]]>
    </failure>
  </testcase> <!-- divisionagain -->
  <testcase classname="com.test.testcases.TC1_clickSearch" name="additionagain" time="0.0">
    <skipped/>
  </testcase> <!-- additionagain -->
  <testcase classname="com.test.testcases.TC2_TrainDetailComparison" name="getTrainName" time="0.814"/>
  <testcase classname="com.test.base.BaseClass" name="@AfterSuite endAutomationSuite" time="0.0">
    <ignored/>
  </testcase> <!-- @AfterSuite endAutomationSuite -->
  <testcase classname="com.test.base.BaseClass" name="@AfterSuite endAutomationSuite" time="0.0">
    <ignored/>
  </testcase> <!-- @AfterSuite endAutomationSuite -->
  <testcase classname="com.test.base.BaseClass" name="@BeforeSuite startAutomationSuite" time="0.0">
    <ignored/>
  </testcase> <!-- @BeforeSuite startAutomationSuite -->
  <testcase classname="com.test.base.BaseClass" name="@BeforeSuite startAutomationSuite" time="0.0">
    <ignored/>
  </testcase> <!-- @BeforeSuite startAutomationSuite -->
</testsuite> <!-- TestCasesSuite -->
