<?xml version="1.0" encoding="UTF-8"?>
<!-- Generated by org.testng.reporters.JUnitXMLReporter -->
<testsuite ignored="4" hostname="DESKTOP-5BS10NK" failures="2" tests="2" name="TestCasesSuite" time="0.071" errors="0" timestamp="2024-05-09T12:38:01 IST">
  <testcase classname="com.test.base.BaseClass" name="@BeforeSuite startAutomationSuite" time="0.057">
    <failure type="java.lang.NoSuchMethodError" message="&amp;apos;void com.aventstack.extentreports.reporter.ExtentSparkReporter.init(java.lang.String[], com.aventstack.extentreports.reporter.configuration.BasicConfiguration)&amp;apos;">
      <![CDATA[java.lang.NoSuchMethodError: 'void com.aventstack.extentreports.reporter.ExtentSparkReporter.init(java.lang.String[], com.aventstack.extentreports.reporter.configuration.BasicConfiguration)'
at com.aventstack.extentreports.reporter.ExtentSparkReporter.<init>(ExtentSparkReporter.java:36)
at com.test.testutility.ExtentReport.setExtent(ExtentReport.java:15)
at com.test.base.BaseClass.startAutomationSuite(BaseClass.java:24)
... Removed 19 stack frames]]>
    </failure>
  </testcase> <!-- @BeforeSuite startAutomationSuite -->
  <testcase classname="com.test.base.BaseClass" name="@BeforeMethod launchBrowser" time="-1.715238481274E9">
    <skipped/>
  </testcase> <!-- @BeforeMethod launchBrowser -->
  <testcase classname="com.test.base.BaseClass" name="@BeforeMethod launchBrowser" time="-1.715238481287E9">
    <skipped/>
  </testcase> <!-- @BeforeMethod launchBrowser -->
  <testcase classname="com.test.testcases.TC1_clickSearch" name="clickSearchTicket" time="0.023">
    <failure type="java.lang.NoSuchMethodError" message="&amp;apos;void com.aventstack.extentreports.reporter.ExtentSparkReporter.init(java.lang.String[], com.aventstack.extentreports.reporter.configuration.BasicConfiguration)&amp;apos;">
      <![CDATA[java.lang.NoSuchMethodError: 'void com.aventstack.extentreports.reporter.ExtentSparkReporter.init(java.lang.String[], com.aventstack.extentreports.reporter.configuration.BasicConfiguration)'
at com.aventstack.extentreports.reporter.ExtentSparkReporter.<init>(ExtentSparkReporter.java:36)
at com.test.testutility.ExtentReport.setExtent(ExtentReport.java:15)
at com.test.testutility.Listener.onTestStart(Listener.java:14)
at java.base/java.util.ArrayList.forEach(ArrayList.java:1511)
... Removed 25 stack frames]]>
    </failure>
  </testcase> <!-- clickSearchTicket -->
  <testcase classname="com.test.testcases.TC1_clickSearch" name="division" time="0.002">
    <failure type="java.lang.NoSuchMethodError" message="&amp;apos;void com.aventstack.extentreports.reporter.ExtentSparkReporter.init(java.lang.String[], com.aventstack.extentreports.reporter.configuration.BasicConfiguration)&amp;apos;">
      <![CDATA[java.lang.NoSuchMethodError: 'void com.aventstack.extentreports.reporter.ExtentSparkReporter.init(java.lang.String[], com.aventstack.extentreports.reporter.configuration.BasicConfiguration)'
at com.aventstack.extentreports.reporter.ExtentSparkReporter.<init>(ExtentSparkReporter.java:36)
at com.test.testutility.ExtentReport.setExtent(ExtentReport.java:15)
at com.test.testutility.Listener.onTestStart(Listener.java:14)
at java.base/java.util.ArrayList.forEach(ArrayList.java:1511)
... Removed 25 stack frames]]>
    </failure>
  </testcase> <!-- division -->
  <testcase classname="com.test.base.BaseClass" name="@AfterSuite endAutomationSuite" time="0.0">
    <ignored/>
  </testcase> <!-- @AfterSuite endAutomationSuite -->
  <testcase classname="com.test.base.BaseClass" name="@AfterSuite endAutomationSuite" time="0.0">
    <ignored/>
  </testcase> <!-- @AfterSuite endAutomationSuite -->
  <testcase classname="com.test.base.BaseClass" name="@BeforeSuite startAutomationSuite" time="0.0">
    <ignored/>
  </testcase> <!-- @BeforeSuite startAutomationSuite -->
  <testcase classname="com.test.base.BaseClass" name="@BeforeSuite startAutomationSuite" time="0.0">
    <ignored/>
  </testcase> <!-- @BeforeSuite startAutomationSuite -->
</testsuite> <!-- TestCasesSuite -->
