<?xml version="1.0" encoding="UTF-8"?>
<testng-results ignored="4" total="10" passed="4" failed="1" skipped="1">
  <reporter-output>
  </reporter-output>
  <suite started-at="2024-05-08T20:54:13 IST" name="Ticket Booking Project" finished-at="2024-05-08T20:54:29 IST" duration-ms="16482">
    <groups>
      <group name="smoke">
        <method signature="TC1_clickSearch.division()[pri:1, instance:com.test.testcases.TC1_clickSearch@74fe5c40]" name="division" class="com.test.testcases.TC1_clickSearch"/>
        <method signature="TC1_clickSearch.addition()[pri:2, instance:com.test.testcases.TC1_clickSearch@74fe5c40]" name="addition" class="com.test.testcases.TC1_clickSearch"/>
        <method signature="TC1_clickSearch.divisionagain()[pri:3, instance:com.test.testcases.TC1_clickSearch@74fe5c40]" name="divisionagain" class="com.test.testcases.TC1_clickSearch"/>
        <method signature="TC1_clickSearch.additionagain()[pri:4, instance:com.test.testcases.TC1_clickSearch@74fe5c40]" name="additionagain" class="com.test.testcases.TC1_clickSearch"/>
        <method signature="TC2_TrainDetailComparison.getTrainName([Ljava.lang.Object;)[pri:5, instance:com.test.testcases.TC2_TrainDetailComparison@3febb011]" name="getTrainName" class="com.test.testcases.TC2_TrainDetailComparison"/>
        <method signature="TC1_clickSearch.clickSearchTicket()[pri:0, instance:com.test.testcases.TC1_clickSearch@74fe5c40]" name="clickSearchTicket" class="com.test.testcases.TC1_clickSearch"/>
      </group> <!-- smoke -->
    </groups>
    <test started-at="2024-05-08T20:54:13 IST" name="TestCasesSuite" finished-at="2024-05-08T20:54:29 IST" duration-ms="16482">
      <class name="com.test.base.BaseClass">
        <test-method is-config="true" signature="startAutomationSuite()[pri:0, instance:com.test.base.BaseClass@222545dc]" started-at="2024-05-08T20:54:13 IST" name="startAutomationSuite" finished-at="2024-05-08T20:54:13 IST" duration-ms="7" status="PASS">
          <reporter-output>
          </reporter-output>
        </test-method> <!-- startAutomationSuite -->
        <test-method is-config="true" signature="endAutomationSuite()[pri:0, instance:com.test.base.BaseClass@222545dc]" started-at="2024-05-08T20:54:29 IST" name="endAutomationSuite" finished-at="2024-05-08T20:54:29 IST" duration-ms="0" status="PASS">
          <reporter-output>
          </reporter-output>
        </test-method> <!-- endAutomationSuite -->
      </class> <!-- com.test.base.BaseClass -->
      <class name="com.test.testcases.TC1_clickSearch">
        <test-method is-config="true" signature="launchBrowser(java.lang.String)[pri:0, instance:com.test.testcases.TC1_clickSearch@74fe5c40]" started-at="2024-05-08T20:54:13 IST" name="launchBrowser" finished-at="2024-05-08T20:54:15 IST" duration-ms="2475" status="PASS">
          <params>
            <param index="0">
              <value>
                <![CDATA[chrome]]>
              </value>
            </param>
          </params>
          <reporter-output>
          </reporter-output>
        </test-method> <!-- launchBrowser -->
        <test-method signature="clickSearchTicket()[pri:0, instance:com.test.testcases.TC1_clickSearch@74fe5c40]" started-at="2024-05-08T20:54:15 IST" name="clickSearchTicket" description="First test method" finished-at="2024-05-08T20:54:16 IST" duration-ms="637" status="PASS">
          <reporter-output>
          </reporter-output>
        </test-method> <!-- clickSearchTicket -->
        <test-method is-config="true" signature="tearDown()[pri:0, instance:com.test.testcases.TC1_clickSearch@74fe5c40]" started-at="2024-05-08T20:54:16 IST" name="tearDown" finished-at="2024-05-08T20:54:17 IST" duration-ms="767" status="PASS">
          <reporter-output>
          </reporter-output>
        </test-method> <!-- tearDown -->
        <test-method is-config="true" signature="launchBrowser(java.lang.String)[pri:0, instance:com.test.testcases.TC1_clickSearch@74fe5c40]" started-at="2024-05-08T20:54:17 IST" name="launchBrowser" finished-at="2024-05-08T20:54:18 IST" duration-ms="1811" status="PASS">
          <params>
            <param index="0">
              <value>
                <![CDATA[chrome]]>
              </value>
            </param>
          </params>
          <reporter-output>
          </reporter-output>
        </test-method> <!-- launchBrowser -->
        <test-method signature="division()[pri:1, instance:com.test.testcases.TC1_clickSearch@74fe5c40]" started-at="2024-05-08T20:54:18 IST" name="division" finished-at="2024-05-08T20:54:18 IST" duration-ms="2" status="PASS">
          <exception class="java.lang.ArithmeticException">
            <message>
              <![CDATA[/ by zero]]>
            </message>
            <full-stacktrace>
              <![CDATA[java.lang.ArithmeticException: / by zero
at com.test.testcases.TC1_clickSearch.division(TC1_clickSearch.java:35)
at java.base/jdk.internal.reflect.NativeMethodAccessorImpl.invoke0(Native Method)
at java.base/jdk.internal.reflect.NativeMethodAccessorImpl.invoke(NativeMethodAccessorImpl.java:77)
at java.base/jdk.internal.reflect.DelegatingMethodAccessorImpl.invoke(DelegatingMethodAccessorImpl.java:43)
at java.base/java.lang.reflect.Method.invoke(Method.java:568)
at org.testng.internal.MethodInvocationHelper.invokeMethod(MethodInvocationHelper.java:133)
at org.testng.internal.TestInvoker.invokeMethod(TestInvoker.java:598)
at org.testng.internal.TestInvoker.invokeTestMethod(TestInvoker.java:173)
at org.testng.internal.MethodRunner.runInSequence(MethodRunner.java:46)
at org.testng.internal.TestInvoker$MethodInvocationAgent.invoke(TestInvoker.java:824)
at org.testng.internal.TestInvoker.invokeTestMethods(TestInvoker.java:146)
at org.testng.internal.TestMethodWorker.invokeTestMethods(TestMethodWorker.java:146)
at org.testng.internal.TestMethodWorker.run(TestMethodWorker.java:128)
at java.base/java.util.ArrayList.forEach(ArrayList.java:1511)
at org.testng.TestRunner.privateRun(TestRunner.java:794)
at org.testng.TestRunner.run(TestRunner.java:596)
at org.testng.SuiteRunner.runTest(SuiteRunner.java:377)
at org.testng.SuiteRunner.runSequentially(SuiteRunner.java:371)
at org.testng.SuiteRunner.privateRun(SuiteRunner.java:332)
at org.testng.SuiteRunner.run(SuiteRunner.java:276)
at org.testng.SuiteRunnerWorker.runSuite(SuiteRunnerWorker.java:53)
at org.testng.SuiteRunnerWorker.run(SuiteRunnerWorker.java:96)
at org.testng.TestNG.runSuitesSequentially(TestNG.java:1212)
at org.testng.TestNG.runSuitesLocally(TestNG.java:1134)
at org.testng.TestNG.runSuites(TestNG.java:1063)
at org.testng.TestNG.run(TestNG.java:1031)
at org.testng.remote.AbstractRemoteTestNG.run(AbstractRemoteTestNG.java:115)
at org.testng.remote.RemoteTestNG.initAndRun(RemoteTestNG.java:251)
at org.testng.remote.RemoteTestNG.main(RemoteTestNG.java:77)
]]>
            </full-stacktrace>
          </exception> <!-- java.lang.ArithmeticException -->
          <reporter-output>
          </reporter-output>
        </test-method> <!-- division -->
        <test-method is-config="true" signature="tearDown()[pri:0, instance:com.test.testcases.TC1_clickSearch@74fe5c40]" started-at="2024-05-08T20:54:18 IST" name="tearDown" finished-at="2024-05-08T20:54:19 IST" duration-ms="753" status="PASS">
          <reporter-output>
          </reporter-output>
        </test-method> <!-- tearDown -->
        <test-method is-config="true" signature="launchBrowser(java.lang.String)[pri:0, instance:com.test.testcases.TC1_clickSearch@74fe5c40]" started-at="2024-05-08T20:54:19 IST" name="launchBrowser" finished-at="2024-05-08T20:54:21 IST" duration-ms="1745" status="PASS">
          <params>
            <param index="0">
              <value>
                <![CDATA[chrome]]>
              </value>
            </param>
          </params>
          <reporter-output>
          </reporter-output>
        </test-method> <!-- launchBrowser -->
        <test-method signature="addition()[pri:2, instance:com.test.testcases.TC1_clickSearch@74fe5c40]" started-at="2024-05-08T20:54:21 IST" name="addition" finished-at="2024-05-08T20:54:21 IST" depends-on-methods="com.test.testcases.TC1_clickSearch.division" duration-ms="2" status="PASS">
          <reporter-output>
          </reporter-output>
        </test-method> <!-- addition -->
        <test-method is-config="true" signature="tearDown()[pri:0, instance:com.test.testcases.TC1_clickSearch@74fe5c40]" started-at="2024-05-08T20:54:21 IST" name="tearDown" finished-at="2024-05-08T20:54:22 IST" duration-ms="752" status="PASS">
          <reporter-output>
          </reporter-output>
        </test-method> <!-- tearDown -->
        <test-method is-config="true" signature="launchBrowser(java.lang.String)[pri:0, instance:com.test.testcases.TC1_clickSearch@74fe5c40]" started-at="2024-05-08T20:54:22 IST" name="launchBrowser" finished-at="2024-05-08T20:54:24 IST" duration-ms="2344" status="PASS">
          <params>
            <param index="0">
              <value>
                <![CDATA[chrome]]>
              </value>
            </param>
          </params>
          <reporter-output>
          </reporter-output>
        </test-method> <!-- launchBrowser -->
        <test-method signature="divisionagain()[pri:3, instance:com.test.testcases.TC1_clickSearch@74fe5c40]" started-at="2024-05-08T20:54:24 IST" name="divisionagain" finished-at="2024-05-08T20:54:24 IST" duration-ms="3" status="FAIL">
          <exception class="java.lang.ArithmeticException">
            <message>
              <![CDATA[/ by zero]]>
            </message>
            <full-stacktrace>
              <![CDATA[java.lang.ArithmeticException: / by zero
at com.test.testcases.TC1_clickSearch.divisionagain(TC1_clickSearch.java:52)
at java.base/jdk.internal.reflect.NativeMethodAccessorImpl.invoke0(Native Method)
at java.base/jdk.internal.reflect.NativeMethodAccessorImpl.invoke(NativeMethodAccessorImpl.java:77)
at java.base/jdk.internal.reflect.DelegatingMethodAccessorImpl.invoke(DelegatingMethodAccessorImpl.java:43)
at java.base/java.lang.reflect.Method.invoke(Method.java:568)
at org.testng.internal.MethodInvocationHelper.invokeMethod(MethodInvocationHelper.java:133)
at org.testng.internal.TestInvoker.invokeMethod(TestInvoker.java:598)
at org.testng.internal.TestInvoker.invokeTestMethod(TestInvoker.java:173)
at org.testng.internal.MethodRunner.runInSequence(MethodRunner.java:46)
at org.testng.internal.TestInvoker$MethodInvocationAgent.invoke(TestInvoker.java:824)
at org.testng.internal.TestInvoker.invokeTestMethods(TestInvoker.java:146)
at org.testng.internal.TestMethodWorker.invokeTestMethods(TestMethodWorker.java:146)
at org.testng.internal.TestMethodWorker.run(TestMethodWorker.java:128)
at java.base/java.util.ArrayList.forEach(ArrayList.java:1511)
at org.testng.TestRunner.privateRun(TestRunner.java:794)
at org.testng.TestRunner.run(TestRunner.java:596)
at org.testng.SuiteRunner.runTest(SuiteRunner.java:377)
at org.testng.SuiteRunner.runSequentially(SuiteRunner.java:371)
at org.testng.SuiteRunner.privateRun(SuiteRunner.java:332)
at org.testng.SuiteRunner.run(SuiteRunner.java:276)
at org.testng.SuiteRunnerWorker.runSuite(SuiteRunnerWorker.java:53)
at org.testng.SuiteRunnerWorker.run(SuiteRunnerWorker.java:96)
at org.testng.TestNG.runSuitesSequentially(TestNG.java:1212)
at org.testng.TestNG.runSuitesLocally(TestNG.java:1134)
at org.testng.TestNG.runSuites(TestNG.java:1063)
at org.testng.TestNG.run(TestNG.java:1031)
at org.testng.remote.AbstractRemoteTestNG.run(AbstractRemoteTestNG.java:115)
at org.testng.remote.RemoteTestNG.initAndRun(RemoteTestNG.java:251)
at org.testng.remote.RemoteTestNG.main(RemoteTestNG.java:77)
]]>
            </full-stacktrace>
          </exception> <!-- java.lang.ArithmeticException -->
          <reporter-output>
          </reporter-output>
        </test-method> <!-- divisionagain -->
        <test-method is-config="true" signature="tearDown()[pri:0, instance:com.test.testcases.TC1_clickSearch@74fe5c40]" started-at="2024-05-08T20:54:24 IST" name="tearDown" finished-at="2024-05-08T20:54:25 IST" duration-ms="760" status="PASS">
          <reporter-output>
          </reporter-output>
        </test-method> <!-- tearDown -->
        <test-method signature="additionagain()[pri:4, instance:com.test.testcases.TC1_clickSearch@74fe5c40]" started-at="2024-05-08T20:54:25 IST" name="additionagain" finished-at="2024-05-08T20:54:25 IST" depends-on-methods="com.test.testcases.TC1_clickSearch.divisionagain" duration-ms="0" status="SKIP">
          <exception class="java.lang.Throwable">
            <message>
              <![CDATA[Method TC1_clickSearch.additionagain()[pri:4, instance:com.test.testcases.TC1_clickSearch@74fe5c40] depends on not successfully finished methods]]>
            </message>
            <full-stacktrace>
              <![CDATA[java.lang.Throwable: Method TC1_clickSearch.additionagain()[pri:4, instance:com.test.testcases.TC1_clickSearch@74fe5c40] depends on not successfully finished methods
at org.testng.internal.TestInvoker.invokeTestMethods(TestInvoker.java:102)
at org.testng.internal.TestMethodWorker.invokeTestMethods(TestMethodWorker.java:146)
at org.testng.internal.TestMethodWorker.run(TestMethodWorker.java:128)
at java.base/java.util.ArrayList.forEach(ArrayList.java:1511)
at org.testng.TestRunner.privateRun(TestRunner.java:794)
at org.testng.TestRunner.run(TestRunner.java:596)
at org.testng.SuiteRunner.runTest(SuiteRunner.java:377)
at org.testng.SuiteRunner.runSequentially(SuiteRunner.java:371)
at org.testng.SuiteRunner.privateRun(SuiteRunner.java:332)
at org.testng.SuiteRunner.run(SuiteRunner.java:276)
at org.testng.SuiteRunnerWorker.runSuite(SuiteRunnerWorker.java:53)
at org.testng.SuiteRunnerWorker.run(SuiteRunnerWorker.java:96)
at org.testng.TestNG.runSuitesSequentially(TestNG.java:1212)
at org.testng.TestNG.runSuitesLocally(TestNG.java:1134)
at org.testng.TestNG.runSuites(TestNG.java:1063)
at org.testng.TestNG.run(TestNG.java:1031)
at org.testng.remote.AbstractRemoteTestNG.run(AbstractRemoteTestNG.java:115)
at org.testng.remote.RemoteTestNG.initAndRun(RemoteTestNG.java:251)
at org.testng.remote.RemoteTestNG.main(RemoteTestNG.java:77)
]]>
            </full-stacktrace>
          </exception> <!-- java.lang.Throwable -->
          <reporter-output>
          </reporter-output>
        </test-method> <!-- additionagain -->
      </class> <!-- com.test.testcases.TC1_clickSearch -->
      <class name="com.test.testcases.TC2_TrainDetailComparison">
        <test-method is-config="true" signature="launchBrowser(java.lang.String)[pri:0, instance:com.test.testcases.TC2_TrainDetailComparison@3febb011]" started-at="2024-05-08T20:54:26 IST" name="launchBrowser" finished-at="2024-05-08T20:54:28 IST" duration-ms="2051" status="PASS">
          <params>
            <param index="0">
              <value>
                <![CDATA[chrome]]>
              </value>
            </param>
          </params>
          <reporter-output>
          </reporter-output>
        </test-method> <!-- launchBrowser -->
        <test-method signature="getTrainName([Ljava.lang.Object;)[pri:5, instance:com.test.testcases.TC2_TrainDetailComparison@3febb011]" started-at="2024-05-08T20:54:28 IST" name="getTrainName" data-provider="dp" finished-at="2024-05-08T20:54:28 IST" duration-ms="814" status="PASS">
          <params>
            <param index="0">
              <value>
                <![CDATA[[Ljava.lang.Object;@27b2faa6]]>
              </value>
            </param>
          </params>
          <reporter-output>
          </reporter-output>
        </test-method> <!-- getTrainName -->
        <test-method is-config="true" signature="tearDown()[pri:0, instance:com.test.testcases.TC2_TrainDetailComparison@3febb011]" started-at="2024-05-08T20:54:28 IST" name="tearDown" finished-at="2024-05-08T20:54:29 IST" duration-ms="742" status="PASS">
          <reporter-output>
          </reporter-output>
        </test-method> <!-- tearDown -->
      </class> <!-- com.test.testcases.TC2_TrainDetailComparison -->
    </test> <!-- TestCasesSuite -->
  </suite> <!-- Ticket Booking Project -->
</testng-results>
